MPASM 5.83                          MAIN.ASM   9-26-2025  0:35:37         PAGE  1


LOC  OBJECT CODE     LINE SOURCE TEXT
  VALUE

                      00001 ;*******************************************************************************
                      00002 ;                                                                              *
                      00003 ;    Filename: main                                                            *
                      00004 ;    Date: 23/09/2025                                                          *
                      00005 ;    File Version: 0.1                                                         *
                      00006 ;    Author: Samuel e Augusto                                                  *
                      00007 ;                                                                              *
                      00008 ;*******************************************************************************
                      00009 ;                                                                              *
                      00010 ;    Known Issues: Sem debounce do botao M
                      00011 ;                                                                              *
                      00012 ;*******************************************************************************
                      00013 ;                                                                              *
                      00014 ;    Revision History:                                                         *
                      00015 ;    23/09/2025 - Criação                                                      *
                      00016 ;    24/09/2025 - Estados adicionados e configurados                           *
                      00017 ;    25/09/2025 - Estados alterados e simplificação                            *
                      00018 ;                                                                              *
                      00019 ;*******************************************************************************
                      00020 ;*******************************************************************************
                      00021 ; PIC18F4550 Configuration Bit Settings
                      00022 ;*******************************************************************************
                      00023 #include "p18f4550.inc"
                      00001         LIST
                      00002 
                      00003 ;==========================================================================
                      00004 ; Build date : Jan 21 2019
                      00005 ;  MPASM PIC18F4550 processor include
                      00006 ; 
                      00007 ;  (c) Copyright 1999-2019 Microchip Technology, All rights reserved
                      00008 ;==========================================================================
                      00009 
                      01765         LIST
                      00024 
                      00025 ; CONFIG1L
                      00026   CONFIG  PLLDIV = 1            ; PLL Prescaler Selection bits (No prescale (4 MHz oscillator input driv
                            es PLL directly))
                      00027   CONFIG  CPUDIV = OSC1_PLL2    ; System Clock Postscaler Selection bits ([Primary Oscillator Src: /1][9
                            6 MHz PLL Src: /2])
                      00028   CONFIG  USBDIV = 1            ; USB Clock Selection bit (used in Full-Speed USB mode only; UCFG:FSEN =
                             1) (USB clock source comes directly from the primary oscillator block with no postscale)
                      00029 
                      00030 ; CONFIG1H
                      00031   CONFIG  FOSC = INTOSC_HS      ; Oscillator Selection bits (XT oscillator (XT))
                      00032   CONFIG  FCMEN = OFF           ; Fail-Safe Clock Monitor Enable bit (Fail-Safe Clock Monitor disabled)
                      00033   CONFIG  IESO = OFF            ; Internal/External Oscillator Switchover bit (Oscillator Switchover mod
                            e disabled)
                      00034 
                      00035 ; CONFIG2L
                      00036   CONFIG  PWRT = ON             ; Power-up Timer Enable bit (PWRT enabled)
                      00037   CONFIG  BOR = OFF             ; Brown-out Reset Enable bits (Brown-out Reset disabled in hardware and 
                            software)
                      00038   CONFIG  BORV = 0              ; Brown-out Reset Voltage bits (Maximum setting 4.59V)
MPASM 5.83                          MAIN.ASM   9-26-2025  0:35:37         PAGE  2


LOC  OBJECT CODE     LINE SOURCE TEXT
  VALUE

                      00039   CONFIG  VREGEN = OFF          ; USB Voltage Regulator Enable bit (USB voltage regulator disabled)
                      00040 
                      00041 ; CONFIG2H
                      00042   CONFIG  WDT = OFF             ; Watchdog Timer Enable bit (WDT disabled (control is placed on the SWDT
                            EN bit))
                      00043   CONFIG  WDTPS = 1             ; Watchdog Timer Postscale Select bits (1:1)
                      00044 
                      00045 ; CONFIG3H
                      00046   CONFIG  CCP2MX = OFF          ; CCP2 MUX bit (CCP2 input/output is multiplexed with RB3)
                      00047   CONFIG  PBADEN = OFF          ; PORTB A/D Enable bit (PORTB<4:0> pins are configured as digital I/O on
                             Reset)
                      00048   CONFIG  LPT1OSC = OFF         ; Low-Power Timer 1 Oscillator Enable bit (Timer1 configured for higher 
                            power operation)
                      00049   CONFIG  MCLRE = OFF           ; MCLR Pin Enable bit (RE3 input pin enabled; MCLR pin disabled)
                      00050 
                      00051 ; CONFIG4L
                      00052   CONFIG  STVREN = OFF          ; Stack Full/Underflow Reset Enable bit (Stack full/underflow will not c
                            ause Reset)
                      00053   CONFIG  LVP = OFF             ; Single-Supply ICSP Enable bit (Single-Supply ICSP disabled)
                      00054   CONFIG  ICPRT = OFF           ; Dedicated In-Circuit Debug/Programming Port (ICPORT) Enable bit (ICPOR
                            T disabled)
                      00055   CONFIG  XINST = OFF           ; Extended Instruction Set Enable bit (Instruction set extension and Ind
                            exed Addressing mode disabled (Legacy mode))
                      00056 
                      00057 ; CONFIG5L
                      00058   CONFIG  CP0 = ON              ; Code Protection bit (Block 0 (000800-001FFFh) is code-protected)
                      00059   CONFIG  CP1 = ON              ; Code Protection bit (Block 1 (002000-003FFFh) is code-protected)
                      00060   CONFIG  CP2 = ON              ; Code Protection bit (Block 2 (004000-005FFFh) is code-protected)
                      00061   CONFIG  CP3 = ON              ; Code Protection bit (Block 3 (006000-007FFFh) is code-protected)
                      00062 
                      00063 ; CONFIG5H
                      00064   CONFIG  CPB = ON              ; Boot Block Code Protection bit (Boot block (000000-0007FFh) is code-pr
                            otected)
                      00065   CONFIG  CPD = ON              ; Data EEPROM Code Protection bit (Data EEPROM is code-protected)
                      00066 
                      00067 ; CONFIG6L
                      00068   CONFIG  WRT0 = ON             ; Write Protection bit (Block 0 (000800-001FFFh) is write-protected)
                      00069   CONFIG  WRT1 = ON             ; Write Protection bit (Block 1 (002000-003FFFh) is write-protected)
                      00070   CONFIG  WRT2 = ON             ; Write Protection bit (Block 2 (004000-005FFFh) is write-protected)
                      00071   CONFIG  WRT3 = ON             ; Write Protection bit (Block 3 (006000-007FFFh) is write-protected)
                      00072 
                      00073 ; CONFIG6H
                      00074   CONFIG  WRTC = ON             ; Configuration Register Write Protection bit (Configuration registers (
                            300000-3000FFh) are write-protected)
                      00075   CONFIG  WRTB = ON             ; Boot Block Write Protection bit (Boot block (000000-0007FFh) is write-
                            protected)
                      00076   CONFIG  WRTD = ON             ; Data EEPROM Write Protection bit (Data EEPROM is write-protected)
                      00077 
                      00078 ; CONFIG7L
                      00079   CONFIG  EBTR0 = ON            ; Table Read Protection bit (Block 0 (000800-001FFFh) is protected from 
                            table reads executed in other blocks)
                      00080   CONFIG  EBTR1 = ON            ; Table Read Protection bit (Block 1 (002000-003FFFh) is protected from 
                            table reads executed in other blocks)
MPASM 5.83                          MAIN.ASM   9-26-2025  0:35:37         PAGE  3


LOC  OBJECT CODE     LINE SOURCE TEXT
  VALUE

                      00081   CONFIG  EBTR2 = ON            ; Table Read Protection bit (Block 2 (004000-005FFFh) is protected from 
                            table reads executed in other blocks)
                      00082   CONFIG  EBTR3 = ON            ; Table Read Protection bit (Block 3 (006000-007FFFh) is protected from 
                            table reads executed in other blocks)
                      00083 
                      00084 ; CONFIG7H
                      00085   CONFIG  EBTRB = ON            ; Boot Block Table Read Protection bit (Boot block (000000-0007FFh) is p
                            rotected from table reads executed in other blocks)
                      00086 
                      00087 ;*******************************************************************************
                      00088 ; Reset Vector
                      00089 ;*******************************************************************************
                      00090 
                      00091 RES_VECT  CODE    0x0000            ; processor reset vector
000000 EF?? F???      00092     GOTO    MAIN                    ; go to beginning of program
                      00093 
                      00094 ;*******************************************************************************
                      00095 ; Interruption routines
                      00096 ;*******************************************************************************
                      00097 
                      00098 ISRHV     CODE    0x0008
000008 EF?? F???      00099     GOTO    HIGH_ISR
                      00100 ISRLV     CODE    0x0018
000018 EF?? F???      00101     GOTO    LOW_ISR
                      00102 
                      00103 ISRH      CODE                     
                      00104 
000000                00105 HIGH_ISR
                      00106     ; salvar contexto (WREG, STATUS, BSR)
000000 6E22           00107     MOVWF   SAVED_W
000002 CFD8 F023      00108     MOVFF   STATUS, SAVED_STATUS
000006 CFE0 F024      00109     MOVFF   BSR, SAVED_BSR
                      00110 
                      00111     ; trata Timer1
00000A A09E           00112     BTFSS   PIR1, TMR1IF
00000C EF?? F???      00113     GOTO    _HIGH_ISR_DONE
                      00114 
000010 2A21           00115     INCF    TICKS, F           ; conta estouros
000012 909E           00116     BCF     PIR1, TMR1IF       ; limpa flag
                      00117 
000014                00118 _HIGH_ISR_DONE
                      00119     ; restaurar contexto
000014 C024 FFE0      00120     MOVFF   SAVED_BSR, BSR
000018 C023 FFD8      00121     MOVFF   SAVED_STATUS, STATUS
00001C 5022           00122     MOVF    SAVED_W, W
00001E 0011           00123     RETFIE FAST
                      00124 
                      00125 ISRL      CODE                     ; let linker place low ISR routine
                      00126       
000000                00127 LOW_ISR
                      00128 ;       <Search the device datasheet for 'context' and copy interrupt
                      00129 ;       context saving code here>
000000 0010           00130     RETFIE
MPASM 5.83                          MAIN.ASM   9-26-2025  0:35:37         PAGE  4


LOC  OBJECT CODE     LINE SOURCE TEXT
  VALUE

                      00131 
                      00132 ;*******************************************************************************
                      00133 ; MAIN PROGRAM
                      00134 ;*******************************************************************************
Warning[205]: Found directive in column 1. (CBLOCK)
                      00135 CBLOCK 0x20
  00000020            00136     STATE           ; Variavel de estado
  00000021            00137     TICKS           ; Variavel de contagem
  00000022            00138     SAVED_W         ; temporário para salvar WREG na ISR
  00000023            00139     SAVED_STATUS    ; temporário para salvar STATUS na ISR
  00000024            00140     SAVED_BSR       ; temporário para salvar BSR na ISR
Warning[205]: Found directive in column 1. (ENDC)
                      00141 ENDC
                      00142 
                      00143 ;Define dos pinos
                      00144 #define M_BUTTON PORTB, 0
                      00145 #define P_SENSOR PORTC, 0
                      00146 #define A_SENSOR PORTC, 1
                      00147 #define B_SENSOR PORTC, 2
                      00148 #define GREEN_LED PORTA, 0
                      00149 #define YELLOW_LED PORTA, 1
                      00150 #define RED_LED PORTA, 2
                      00151 #define BLUE_LED PORTA, 3
                      00152 #define GATE PORTD, 0
                      00153  
                      00154 ;Define dos estados
  00000000            00155 IDLE EQU 0
  00000001            00156 START EQU 1
  00000002            00157 RIGHT EQU 2
  00000003            00158 OPEN EQU 3
  00000004            00159 TIME EQU 4
  00000005            00160 FINISH EQU 5
                      00161 
                      00162 MAIN_PROG CODE                      ; let linker place main program
                      00163 
000000                00164 MAIN
000000 0E0F           00165     MOVLW 0x0F
000002 6EC1           00166     MOVWF ADCON1
                      00167 
                      00168     ; Configura entradas e saidas
000004 8093           00169     BSF TRISB, 0
000006 8094           00170     BSF TRISC, 0
000008 8294           00171     BSF TRISC, 1
00000A 8494           00172     BSF TRISC, 2
00000C 9095           00173     BCF TRISD, 0
00000E 9092           00174     BCF TRISA, 0
000010 9292           00175     BCF TRISA, 1
000012 9492           00176     BCF TRISA, 2
000014 9692           00177     BCF TRISA, 3
                      00178     
                      00179     ; Inicializacao da máquina de estados
000016 0E00           00180     MOVLW IDLE
000018 6E20           00181     MOVWF STATE
MPASM 5.83                          MAIN.ASM   9-26-2025  0:35:37         PAGE  5


LOC  OBJECT CODE     LINE SOURCE TEXT
  VALUE

                      00182     
                      00183     ;Inicialização do timer1
00001A 8ED0           00184     BSF RCON, IPEN      ; habilita prioridades
00001C 6ACD           00185     CLRF T1CON
                      00186     ; prescaler 1:8 -> T1CKPS1:T1CKPS0 = 11
00001E 88CD           00187     BSF T1CON, T1CKPS0
000020 8ACD           00188     BSF T1CON, T1CKPS1
                      00189     ; zera contador de TMR1 para transições previsíveis
000022 6ACE           00190     CLRF TMR1L
000024 6ACF           00191     CLRF TMR1H
000026 80CD           00192     BSF T1CON, TMR1ON   ; liga Timer1
                      00193 
000028 6A9E           00194     CLRF PIR1
00002A 809D           00195     BSF PIE1, TMR1IE    ; habilita interrupcao Timer1
00002C 809F           00196     BSF IPR1, TMR1IP    ; coloca Timer1 em alta prioridade
                      00197     
                      00198     ;Interrupções globais
00002E 8CF2           00199     BSF INTCON, PEIE
000030 8EF2           00200     BSF INTCON, GIEH    ; habilita interrupcoes high
000032 8CF2           00201     BSF INTCON, GIEL    ; habilita interrupcoes low (nenhuma implementada)
                      00202 
Warning[207]: Found label after column 1. (MAIN_LOOP)
000034                00203   MAIN_LOOP
                      00204     ; Troca simples de estados
000034 5020           00205     MOVF STATE, W
000036 0A00           00206     XORLW IDLE
000038 B4D8           00207     BTFSC STATUS, Z
00003A EF?? F???      00208     GOTO IDLE_ROUTINE
                      00209 
00003E 5020           00210     MOVF STATE, W
000040 0A01           00211     XORLW START
000042 B4D8           00212     BTFSC STATUS, Z
000044 EF?? F???      00213     GOTO START_ROUTINE
                      00214 
000048 5020           00215     MOVF STATE, W
00004A 0A02           00216     XORLW RIGHT
00004C B4D8           00217     BTFSC STATUS, Z
00004E EF?? F???      00218     GOTO RIGHT_ROUTINE
                      00219 
000052 5020           00220     MOVF STATE, W
000054 0A03           00221     XORLW OPEN
000056 B4D8           00222     BTFSC STATUS, Z
000058 EF?? F???      00223     GOTO OPEN_ROUTINE
                      00224 
00005C 5020           00225     MOVF STATE, W
00005E 0A04           00226     XORLW TIME
000060 B4D8           00227     BTFSC STATUS, Z
000062 EF?? F???      00228     GOTO TIME_ROUTINE
                      00229 
000066 5020           00230     MOVF STATE, W
000068 0A05           00231     XORLW FINISH
00006A B4D8           00232     BTFSC STATUS, Z
00006C EF?? F???      00233     GOTO FINISH_ROUTINE
MPASM 5.83                          MAIN.ASM   9-26-2025  0:35:37         PAGE  6


LOC  OBJECT CODE     LINE SOURCE TEXT
  VALUE

                      00234 
000070 EF?? F???      00235     GOTO MAIN_LOOP
                      00236 
                      00237 ;-------------------------------------------------------
                      00238 ; Máquina de estados 
                      00239 ;-------------------------------------------------------
                      00240     
000074                00241 IDLE_ROUTINE ; Estado de espera: carro andando até ativar A
000074 8080           00242     BSF GREEN_LED
000076 B282           00243     BTFSC   A_SENSOR
000078 EF?? F???      00244     GOTO    IDLE_REACHED
00007C EF?? F???      00245     GOTO    MAIN_LOOP
                      00246 
000080                00247 IDLE_REACHED
000080 0E01           00248     MOVLW START
000082 6E20           00249     MOVWF STATE
000084 9080           00250     BCF GREEN_LED
000086 EF?? F???      00251     GOTO MAIN_LOOP
                      00252 
00008A                00253 START_ROUTINE ; A igual 1, espera botão M ser pressionado (nível 0)
                      00254     ; botão M = 0 para começar
00008A 8280           00255     BSF YELLOW_LED
00008C B081           00256     BTFSC M_BUTTON
00008E EF?? F???      00257     GOTO MAIN_LOOP        ; se M = 1 continua esperando
000092 0E02           00258     MOVLW RIGHT
000094 6E20           00259     MOVWF STATE
000096 EF?? F???      00260     GOTO MAIN_LOOP
                      00261 
00009A                00262 RIGHT_ROUTINE; mover até sensor B ser ativado
00009A A482           00263     BTFSS B_SENSOR
00009C EF?? F???      00264     GOTO MAIN_LOOP        ; B não foi acionado ainda
                      00265     ; B acionado
0000A0 0E03           00266     MOVLW OPEN
0000A2 6E20           00267     MOVWF STATE
0000A4 8083           00268     BSF     GATE       ; GATE = 1 (abre)
0000A6 EF?? F???      00269     GOTO MAIN_LOOP
                      00270 
0000AA                00271 OPEN_ROUTINE ; Abre comporta e espera P=1
0000AA A082           00272     BTFSS   P_SENSOR        ; skip se P=1
0000AC EF?? F???      00273     GOTO    MAIN_LOOP      
                      00274     ; P=1 -> fecha comporta
0000B0 9083           00275     BCF     GATE
0000B2 0E04           00276     MOVLW   TIME
0000B4 6E20           00277     MOVWF   STATE
0000B6 9280           00278     BCF YELLOW_LED
0000B8 EF?? F???      00279     GOTO    MAIN_LOOP
                      00280 
0000BC                00281 TIME_ROUTINE
0000BC 8680           00282     BSF BLUE_LED
0000BE EC?? F???      00283     CALL Delay_5s ; delay de 5s
0000C2 9680           00284     BCF BLUE_LED
0000C4 0E05           00285     MOVLW FINISH
0000C6 6E20           00286     MOVWF STATE
MPASM 5.83                          MAIN.ASM   9-26-2025  0:35:37         PAGE  7


LOC  OBJECT CODE     LINE SOURCE TEXT
  VALUE

0000C8 EF?? F???      00287     GOTO MAIN_LOOP
                      00288 
0000CC                00289 FINISH_ROUTINE
0000CC 8480           00290     BSF RED_LED
                      00291     ; Aguarda sensor B = 0 para completar ciclo
0000CE A482           00292     BTFSS   B_SENSOR
0000D0 EF?? F???      00293     GOTO    FINISH_REACHED
0000D4 EF?? F???      00294     GOTO    MAIN_LOOP        ; B = 1 -> continua esperando
                      00295 
0000D8                00296 FINISH_REACHED
0000D8 0E00           00297     MOVLW IDLE
0000DA 6E20           00298     MOVWF STATE
0000DC 9480           00299     BCF RED_LED
0000DE EF?? F???      00300     GOTO MAIN_LOOP
                      00301 ;-------------------------------------------------------
                      00302 ; Rotinas de rotação 
                      00303 ;-------------------------------------------------------
                      00304 ; Rotinas de controle do motor (Não sei se é necessário)
0000E2                00305 ROTATE_RIGHT
                      00306     ; ...implementar controle do motor para ir à direita...
0000E2 0012           00307     RETURN
                      00308 
0000E4                00309 ROTATE_LEFT
                      00310     ; ...implementar controle do motor para ir à esquerda...
0000E4 0012           00311     RETURN
                      00312 ;=========================================================================
                      00313 ; Cálculo do número de estouros do Timer1 (Fosc = 8 MHz, prescaler 1:8)
                      00314 ;=========================================================================
                      00315 ; Tcy = Fosc / 4 = 8 MHz / 4 = 2 MHz ? 1 ciclo = 0,5 us
                      00316 ; Ttick = Tcy * prescaler = 0,5 us * 8 = 4 us
                      00317 ; Tempo 1 overflow = 65536 * Ttick ? 0,262 s
                      00318 ; Nº de estouros para 5 s = 5 / 0,262 ? 19 (Prefiro usar 20 para 5,24s)
                      00319 ;=========================================================================
                      00320 ;-------------------------------------------------------
                      00321 ; Rotina de delay de 5s
                      00322 ;-------------------------------------------------------
0000E6                00323 Delay_5s:
0000E6 6A21           00324     CLRF    TICKS              ; zera contador
0000E8                00325 WAIT_LOOP:
0000E8 5021           00326     MOVF    TICKS, W
0000EA 0A20           00327     XORLW   20                 ; Z=1 quando TICKS == 20
0000EC A4D8           00328     BTFSS   STATUS, Z          ; se Z=0 -> executa GOTO WAIT_LOOP
0000EE EF?? F???      00329     GOTO    WAIT_LOOP
0000F2 0012           00330     RETURN
Warning[205]: Found directive in column 1. (END)
                      00331 END
MPASM 5.83                          MAIN.ASM   9-26-2025  0:35:37         PAGE  8


SYMBOL TABLE
  LABEL                             VALUE 

A                                 00000000
ABDEN                             00000000
ABDOVF                            00000007
ACCESS                            00000000
ACKDT                             00000005
ACKEN                             00000004
ACKSTAT                           00000006
ACQT0                             00000003
ACQT1                             00000004
ACQT2                             00000005
ACTVIE                            00000002
ACTVIF                            00000002
ADCON0                            00000FC2
ADCON1                            00000FC1
ADCON2                            00000FC0
ADCS0                             00000000
ADCS1                             00000001
ADCS2                             00000002
ADDEN                             00000003
ADDR0                             00000000
ADDR1                             00000001
ADDR2                             00000002
ADDR3                             00000003
ADDR4                             00000004
ADDR5                             00000005
ADDR6                             00000006
ADEN                              00000003
ADFM                              00000007
ADIE                              00000006
ADIF                              00000006
ADIP                              00000006
ADON                              00000000
ADRES                             00000FC3
ADRESH                            00000FC4
ADRESL                            00000FC3
AN0                               00000000
AN1                               00000001
AN2                               00000002
AN3                               00000003
AN4                               00000005
A_SENSOR                          PORTC, 1
BANKED                            00000001
BAUDCON                           00000FB8
BAUDCTL                           00000FB8
BCLIE                             00000003
BCLIF                             00000003
BCLIP                             00000003
BF                                00000000
BGST                              00000005
BLUE_LED                          PORTA, 3
BOR                               00000000
BRG16                             00000003
BRGH                              00000002
MPASM 5.83                          MAIN.ASM   9-26-2025  0:35:37         PAGE  9


SYMBOL TABLE
  LABEL                             VALUE 

BSR                               00000FE0
BTOEE                             00000004
BTOEF                             00000004
BTSEE                             00000007
BTSEF                             00000007
B_SENSOR                          PORTC, 2
C                                 00000000
C1INV                             00000004
C1OUT                             00000006
C2INV                             00000005
C2OUT                             00000007
CCP1                              00000002
CCP1AS                            00000FB6
CCP1CON                           00000FBD
CCP1DEL                           00000FB7
CCP1IE                            00000002
CCP1IF                            00000002
CCP1IP                            00000002
CCP1M0                            00000000
CCP1M1                            00000001
CCP1M2                            00000002
CCP1M3                            00000003
CCP2CON                           00000FBA
CCP2IE                            00000000
CCP2IF                            00000000
CCP2IP                            00000000
CCP2M0                            00000000
CCP2M1                            00000001
CCP2M2                            00000002
CCP2M3                            00000003
CCPR1                             00000FBE
CCPR1H                            00000FBF
CCPR1L                            00000FBE
CCPR2                             00000FBB
CCPR2H                            00000FBC
CCPR2L                            00000FBB
CFGS                              00000006
CHS0                              00000002
CHS1                              00000003
CHS2                              00000004
CHS3                              00000005
CIS                               00000003
CK                                00000006
CK1SPP                            00000000
CK2SPP                            00000001
CKE                               00000006
CKP                               00000004
CLK1EN                            00000004
CLKCFG0                           00000006
CLKCFG1                           00000007
CM0                               00000000
CM1                               00000001
CM2                               00000002
MPASM 5.83                          MAIN.ASM   9-26-2025  0:35:37         PAGE 10


SYMBOL TABLE
  LABEL                             VALUE 

CMCON                             00000FB4
CMIE                              00000006
CMIF                              00000006
CMIP                              00000006
CRC16EE                           00000002
CRC16EF                           00000002
CRC5EE                            00000001
CRC5EF                            00000001
CREN                              00000004
CSEN                              00000005
CSRC                              00000007
CVR0                              00000000
CVR1                              00000001
CVR2                              00000002
CVR3                              00000003
CVRCON                            00000FB5
CVREF                             00000004
CVREN                             00000007
CVROE                             00000006
CVRR                              00000005
CVRSS                             00000004
D                                 00000005
DATA_ADDRESS                      00000005
DC                                00000001
DC1B0                             00000004
DC1B1                             00000005
DC2B0                             00000004
DC2B1                             00000005
DDRA                              TRISA
DDRB                              TRISB
DDRC                              TRISC
DDRD                              TRISD
DDRE                              TRISE
DFN8EE                            00000003
DFN8EF                            00000003
DIR                               00000002
DONE                              00000001
D_A                               00000005
D_NOT_A                           00000005
Delay_5s                          000000E6
ECCP1AS                           00000FB6
ECCP1CON                          00000FBD
ECCP1DEL                          00000FB7
ECCPAS0                           00000004
ECCPAS1                           00000005
ECCPAS2                           00000006
ECCPASE                           00000007
EEADR                             00000FA9
EECON1                            00000FA6
EECON2                            00000FA7
EEDATA                            00000FA8
EEIE                              00000004
EEIF                              00000004
MPASM 5.83                          MAIN.ASM   9-26-2025  0:35:37         PAGE 11


SYMBOL TABLE
  LABEL                             VALUE 

EEIP                              00000004
EEPGD                             00000007
ENDP0                             00000003
ENDP1                             00000004
ENDP2                             00000005
ENDP3                             00000006
EPCONDIS                          00000003
EPHSHK                            00000004
EPINEN                            00000001
EPOUTEN                           00000002
EPSTALL                           00000000
FAST                              00000001
FERR                              00000002
FINISH                            00000005
FINISH_REACHED                    000000D8
FINISH_ROUTINE                    000000CC
FLTS                              00000002
FREE                              00000004
FRM0                              00000000
FRM1                              00000001
FRM10                             00000002
FRM2                              00000002
FRM3                              00000003
FRM4                              00000004
FRM5                              00000005
FRM6                              00000006
FRM7                              00000007
FRM8                              00000000
FRM9                              00000001
FSEN                              00000002
FSR0                              00000000
FSR0H                             00000FEA
FSR0L                             00000FE9
FSR1                              00000001
FSR1H                             00000FE2
FSR1L                             00000FE1
FSR2                              00000002
FSR2H                             00000FDA
FSR2L                             00000FD9
GATE                              PORTD, 0
GCEN                              00000007
GIE                               00000007
GIEH                              00000007
GIEL                              00000006
GIE_GIEH                          00000007
GO                                00000001
GO_DONE                           00000001
GO_NOT_DONE                       00000001
GREEN_LED                         PORTA, 0
HIGH_ISR                          00000000
HLVDCON                           00000FD2
HLVDEN                            00000004
HLVDIE                            00000002
MPASM 5.83                          MAIN.ASM   9-26-2025  0:35:37         PAGE 12


SYMBOL TABLE
  LABEL                             VALUE 

HLVDIF                            00000002
HLVDIN                            00000005
HLVDIP                            00000002
HLVDL0                            00000000
HLVDL1                            00000001
HLVDL2                            00000002
HLVDL3                            00000003
I2C_DAT                           00000005
I2C_READ                          00000002
I2C_START                         00000003
I2C_STOP                          00000004
IDLE                              00000000
IDLEIE                            00000004
IDLEIF                            00000004
IDLEN                             00000007
IDLE_REACHED                      00000080
IDLE_ROUTINE                      00000074
INDF0                             00000FEF
INDF1                             00000FE7
INDF2                             00000FDF
INT0                              00000000
INT0E                             00000004
INT0F                             00000001
INT0IE                            00000004
INT0IF                            00000001
INT1                              00000001
INT1E                             00000003
INT1F                             00000000
INT1IE                            00000003
INT1IF                            00000000
INT1IP                            00000006
INT1P                             00000006
INT2                              00000002
INT2E                             00000004
INT2F                             00000001
INT2IE                            00000004
INT2IF                            00000001
INT2IP                            00000007
INT2P                             00000007
INTCON                            00000FF2
INTCON2                           00000FF1
INTCON3                           00000FF0
INTEDG0                           00000006
INTEDG1                           00000005
INTEDG2                           00000004
INTSRC                            00000007
IOFS                              00000002
IPEN                              00000007
IPR1                              00000F9F
IPR2                              00000FA2
IRCF0                             00000004
IRCF1                             00000005
IRCF2                             00000006
MPASM 5.83                          MAIN.ASM   9-26-2025  0:35:37         PAGE 13


SYMBOL TABLE
  LABEL                             VALUE 

IRVST                             00000005
IVRST                             00000005
LATA                              00000F89
LATA0                             00000000
LATA1                             00000001
LATA2                             00000002
LATA3                             00000003
LATA4                             00000004
LATA5                             00000005
LATA6                             00000006
LATB                              00000F8A
LATB0                             00000000
LATB1                             00000001
LATB2                             00000002
LATB3                             00000003
LATB4                             00000004
LATB5                             00000005
LATB6                             00000006
LATB7                             00000007
LATC                              00000F8B
LATC0                             00000000
LATC1                             00000001
LATC2                             00000002
LATC6                             00000006
LATC7                             00000007
LATD                              00000F8C
LATD0                             00000000
LATD1                             00000001
LATD2                             00000002
LATD3                             00000003
LATD4                             00000004
LATD5                             00000005
LATD6                             00000006
LATD7                             00000007
LATE                              00000F8D
LATE0                             00000000
LATE1                             00000001
LATE2                             00000002
LOW_ISR                           00000000
LVDCON                            00000FD2
LVDEN                             00000004
LVDIE                             00000002
LVDIF                             00000002
LVDIN                             00000005
LVDIP                             00000002
LVDL0                             00000000
LVDL1                             00000001
LVDL2                             00000002
LVDL3                             00000003
LVV0                              00000000
LVV1                              00000001
LVV2                              00000002
LVV3                              00000003
MPASM 5.83                          MAIN.ASM   9-26-2025  0:35:37         PAGE 14


SYMBOL TABLE
  LABEL                             VALUE 

MAIN                              00000000
MAIN_LOOP                         00000034
M_BUTTON                          PORTB, 0
N                                 00000004
NOT_A                             00000005
NOT_ADDRESS                       00000005
NOT_BOR                           00000000
NOT_DONE                          00000001
NOT_IPEN                          00000007
NOT_PD                            00000002
NOT_POR                           00000001
NOT_RBPU                          00000007
NOT_RI                            00000004
NOT_T1SYNC                        00000002
NOT_T3SYNC                        00000002
NOT_TO                            00000003
NOT_W                             00000002
NOT_WRITE                         00000002
OERR                              00000001
OESPP                             00000002
OPEN                              00000003
OPEN_ROUTINE                      000000AA
OSC2                              00000006
OSCCON                            00000FD3
OSCFIE                            00000007
OSCFIF                            00000007
OSCFIP                            00000007
OSCTUNE                           00000F9B
OSTS                              00000003
OV                                00000003
P                                 00000004
P1A                               00000002
P1M0                              00000006
P1M1                              00000007
PC                                00000FF9
PCFG0                             00000000
PCFG1                             00000001
PCFG2                             00000002
PCFG3                             00000003
PCL                               00000FF9
PCLATH                            00000FFA
PCLATU                            00000FFB
PD                                00000002
PDC0                              00000000
PDC1                              00000001
PDC2                              00000002
PDC3                              00000003
PDC4                              00000004
PDC5                              00000005
PDC6                              00000006
PEIE                              00000006
PEIE_GIEL                         00000006
PEN                               00000002
MPASM 5.83                          MAIN.ASM   9-26-2025  0:35:37         PAGE 15


SYMBOL TABLE
  LABEL                             VALUE 

PGC                               00000006
PGD                               00000007
PGM                               00000005
PIDEE                             00000000
PIDEF                             00000000
PIE1                              00000F9D
PIE2                              00000FA0
PIR1                              00000F9E
PIR2                              00000FA1
PKTDIS                            00000004
PLUSW0                            00000FEB
PLUSW1                            00000FE3
PLUSW2                            00000FDB
POR                               00000001
PORTA                             00000F80
PORTB                             00000F81
PORTC                             00000F82
PORTD                             00000F83
PORTE                             00000F84
POSTDEC0                          00000FED
POSTDEC1                          00000FE5
POSTDEC2                          00000FDD
POSTINC0                          00000FEE
POSTINC1                          00000FE6
POSTINC2                          00000FDE
PPB0                              00000000
PPB1                              00000001
PPBI                              00000001
PPBRST                            00000006
PR2                               00000FCB
PREINC0                           00000FEC
PREINC1                           00000FE4
PREINC2                           00000FDC
PROD                              00000FF3
PRODH                             00000FF4
PRODL                             00000FF3
PRSEN                             00000007
PSA                               00000003
PSSAC0                            00000002
PSSAC1                            00000003
PSSBD0                            00000000
PSSBD1                            00000001
P_SENSOR                          PORTC, 0
R                                 00000002
RA0                               00000000
RA1                               00000001
RA2                               00000002
RA3                               00000003
RA4                               00000004
RA5                               00000005
RA6                               00000006
RB0                               00000000
RB1                               00000001
MPASM 5.83                          MAIN.ASM   9-26-2025  0:35:37         PAGE 16


SYMBOL TABLE
  LABEL                             VALUE 

RB2                               00000002
RB3                               00000003
RB4                               00000004
RB5                               00000005
RB6                               00000006
RB7                               00000007
RBIE                              00000003
RBIF                              00000000
RBIP                              00000000
RBPU                              00000007
RC0                               00000000
RC1                               00000001
RC2                               00000002
RC4                               00000004
RC5                               00000005
RC6                               00000006
RC7                               00000007
RCEN                              00000003
RCIDL                             00000006
RCIE                              00000005
RCIF                              00000005
RCIP                              00000005
RCMT                              00000006
RCON                              00000FD0
RCREG                             00000FAE
RCSTA                             00000FAB
RD                                00000000
RD0                               00000000
RD1                               00000001
RD16                              00000007
RD2                               00000002
RD3                               00000003
RD4                               00000004
RD5                               00000005
RD6                               00000006
RD7                               00000007
RDPU                              00000007
RDSPP                             00000007
RE0                               00000000
RE1                               00000001
RE2                               00000002
RE3                               00000003
READ_WRITE                        00000002
RED_LED                           PORTA, 2
RESUME                            00000002
RI                                00000004
RIGHT                             00000002
RIGHT_ROUTINE                     0000009A
ROTATE_LEFT                       000000E4
ROTATE_RIGHT                      000000E2
RSEN                              00000001
RX                                00000007
RX9                               00000006
MPASM 5.83                          MAIN.ASM   9-26-2025  0:35:37         PAGE 17


SYMBOL TABLE
  LABEL                             VALUE 

RX9D                              00000000
RXDTP                             00000005
R_NOT_W                           00000002
R_W                               00000002
S                                 00000003
SAVED_BSR                         00000024
SAVED_STATUS                      00000023
SAVED_W                           00000022
SBOREN                            00000006
SCKP                              00000004
SCS0                              00000000
SCS1                              00000001
SE0                               00000005
SEN                               00000000
SENDB                             00000003
SMP                               00000007
SOFIE                             00000006
SOFIF                             00000006
SPBRG                             00000FAF
SPBRGH                            00000FB0
SPEN                              00000007
SPP0                              00000000
SPP1                              00000001
SPP2                              00000002
SPP3                              00000003
SPP4                              00000004
SPP5                              00000005
SPP6                              00000006
SPP7                              00000007
SPPBUSY                           00000004
SPPCFG                            00000F63
SPPCON                            00000F65
SPPDATA                           00000F62
SPPEN                             00000000
SPPEPS                            00000F64
SPPIE                             00000007
SPPIF                             00000007
SPPIP                             00000007
SPPOWN                            00000001
SREN                              00000005
SSPADD                            00000FC8
SSPBUF                            00000FC9
SSPCON1                           00000FC6
SSPCON2                           00000FC5
SSPEN                             00000005
SSPIE                             00000003
SSPIF                             00000003
SSPIP                             00000003
SSPM0                             00000000
SSPM1                             00000001
SSPM2                             00000002
SSPM3                             00000003
SSPOV                             00000006
MPASM 5.83                          MAIN.ASM   9-26-2025  0:35:37         PAGE 18


SYMBOL TABLE
  LABEL                             VALUE 

SSPSTAT                           00000FC7
STALLIE                           00000005
STALLIF                           00000005
START                             00000001
START_ROUTINE                     0000008A
STATE                             00000020
STATUS                            00000FD8
STKFUL                            00000007
STKOVF                            00000007
STKPTR                            00000FFC
STKPTR0                           00000000
STKPTR1                           00000001
STKPTR2                           00000002
STKPTR3                           00000003
STKPTR4                           00000004
STKUNF                            00000006
SUSPND                            00000001
SWDTE                             00000000
SWDTEN                            00000000
SYNC                              00000004
T08BIT                            00000006
T0CKI                             00000004
T0CON                             00000FD5
T0CS                              00000005
T0IE                              00000005
T0IF                              00000002
T0IP                              00000002
T0PS0                             00000000
T0PS1                             00000001
T0PS2                             00000002
T0SE                              00000004
T13CKI                            00000000
T1CKPS0                           00000004
T1CKPS1                           00000005
T1CON                             00000FCD
T1OSCEN                           00000003
T1OSI                             00000001
T1OSO                             00000000
T1RUN                             00000006
T1SYNC                            00000002
T2CKPS0                           00000000
T2CKPS1                           00000001
T2CON                             00000FCA
T2OUTPS0                          00000003
T2OUTPS1                          00000004
T2OUTPS2                          00000005
T2OUTPS3                          00000006
T3CCP1                            00000003
T3CCP2                            00000006
T3CKPS0                           00000004
T3CKPS1                           00000005
T3CON                             00000FB1
T3NSYNC                           00000002
MPASM 5.83                          MAIN.ASM   9-26-2025  0:35:37         PAGE 19


SYMBOL TABLE
  LABEL                             VALUE 

T3SYNC                            00000002
TABLAT                            00000FF5
TBLPTR                            00000FF6
TBLPTRH                           00000FF7
TBLPTRL                           00000FF6
TBLPTRU                           00000FF8
TICKS                             00000021
TIME                              00000004
TIME_ROUTINE                      000000BC
TMR0                              00000FD6
TMR0H                             00000FD7
TMR0IE                            00000005
TMR0IF                            00000002
TMR0IP                            00000002
TMR0L                             00000FD6
TMR0ON                            00000007
TMR1                              00000FCE
TMR1CS                            00000001
TMR1H                             00000FCF
TMR1IE                            00000000
TMR1IF                            00000000
TMR1IP                            00000000
TMR1L                             00000FCE
TMR1ON                            00000000
TMR2                              00000FCC
TMR2IE                            00000001
TMR2IF                            00000001
TMR2IP                            00000001
TMR2ON                            00000002
TMR3                              00000FB2
TMR3CS                            00000001
TMR3H                             00000FB3
TMR3IE                            00000001
TMR3IF                            00000001
TMR3IP                            00000001
TMR3L                             00000FB2
TMR3ON                            00000000
TO                                00000003
TOS                               00000FFD
TOSH                              00000FFE
TOSL                              00000FFD
TOSU                              00000FFF
TOUTPS0                           00000003
TOUTPS1                           00000004
TOUTPS2                           00000005
TOUTPS3                           00000006
TRISA                             00000F92
TRISA0                            00000000
TRISA1                            00000001
TRISA2                            00000002
TRISA3                            00000003
TRISA4                            00000004
TRISA5                            00000005
MPASM 5.83                          MAIN.ASM   9-26-2025  0:35:37         PAGE 20


SYMBOL TABLE
  LABEL                             VALUE 

TRISA6                            00000006
TRISB                             00000F93
TRISB0                            00000000
TRISB1                            00000001
TRISB2                            00000002
TRISB3                            00000003
TRISB4                            00000004
TRISB5                            00000005
TRISB6                            00000006
TRISB7                            00000007
TRISC                             00000F94
TRISC0                            00000000
TRISC1                            00000001
TRISC2                            00000002
TRISC6                            00000006
TRISC7                            00000007
TRISD                             00000F95
TRISD0                            00000000
TRISD1                            00000001
TRISD2                            00000002
TRISD3                            00000003
TRISD4                            00000004
TRISD5                            00000005
TRISD6                            00000006
TRISD7                            00000007
TRISE                             00000F96
TRISE0                            00000000
TRISE1                            00000001
TRISE2                            00000002
TRMT                              00000001
TRNIE                             00000003
TRNIF                             00000003
TUN0                              00000000
TUN1                              00000001
TUN2                              00000002
TUN3                              00000003
TUN4                              00000004
TX                                00000006
TX9                               00000006
TX9D                              00000000
TXCKP                             00000004
TXEN                              00000005
TXIE                              00000004
TXIF                              00000004
TXIP                              00000004
TXREG                             00000FAD
TXSTA                             00000FAC
UA                                00000001
UADDR                             00000F6E
UCFG                              00000F6F
UCON                              00000F6D
UEIE                              00000F6B
UEIR                              00000F6A
MPASM 5.83                          MAIN.ASM   9-26-2025  0:35:37         PAGE 21


SYMBOL TABLE
  LABEL                             VALUE 

UEP0                              00000F70
UEP1                              00000F71
UEP10                             00000F7A
UEP11                             00000F7B
UEP12                             00000F7C
UEP13                             00000F7D
UEP14                             00000F7E
UEP15                             00000F7F
UEP2                              00000F72
UEP3                              00000F73
UEP4                              00000F74
UEP5                              00000F75
UEP6                              00000F76
UEP7                              00000F77
UEP8                              00000F78
UEP9                              00000F79
UERRIE                            00000001
UERRIF                            00000001
UFRM                              00000F66
UFRMH                             00000F67
UFRML                             00000F66
UIE                               00000F69
UIR                               00000F68
UOEMON                            00000006
UPUEN                             00000004
URSTIE                            00000000
URSTIF                            00000000
USBEN                             00000003
USBIE                             00000005
USBIF                             00000005
USBIP                             00000005
USTAT                             00000F6C
UTEYE                             00000007
UTRDIS                            00000003
VCFG0                             00000004
VCFG1                             00000005
VDIRMAG                           00000007
VREFM                             00000002
VREFP                             00000003
W                                 00000000
WAIT_LOOP                         000000E8
WCOL                              00000007
WDTCON                            00000FD1
WR                                00000001
WREG                              00000FE8
WREN                              00000002
WRERR                             00000003
WRSPP                             00000006
WS0                               00000000
WS1                               00000001
WS2                               00000002
WS3                               00000003
WUE                               00000001
MPASM 5.83                          MAIN.ASM   9-26-2025  0:35:37         PAGE 22


SYMBOL TABLE
  LABEL                             VALUE 

YELLOW_LED                        PORTA, 1
Z                                 00000002
_BORV_0_2L                        000000E7
_BORV_1_2L                        000000EF
_BORV_2_2L                        000000F7
_BORV_3_2L                        000000FF
_BOR_OFF_2L                       000000F9
_BOR_ON_2L                        000000FF
_BOR_ON_ACTIVE_2L                 000000FD
_BOR_SOFT_2L                      000000FB
_CCP2MX_OFF_3H                    000000FE
_CCP2MX_ON_3H                     000000FF
_CONFIG1H                         00300001
_CONFIG1L                         00300000
_CONFIG2H                         00300003
_CONFIG2L                         00300002
_CONFIG3H                         00300005
_CONFIG4L                         00300006
_CONFIG5H                         00300009
_CONFIG5L                         00300008
_CONFIG6H                         0030000B
_CONFIG6L                         0030000A
_CONFIG7H                         0030000D
_CONFIG7L                         0030000C
_CP0_OFF_5L                       000000FF
_CP0_ON_5L                        000000FE
_CP1_OFF_5L                       000000FF
_CP1_ON_5L                        000000FD
_CP2_OFF_5L                       000000FF
_CP2_ON_5L                        000000FB
_CP3_OFF_5L                       000000FF
_CP3_ON_5L                        000000F7
_CPB_OFF_5H                       000000FF
_CPB_ON_5H                        000000BF
_CPD_OFF_5H                       000000FF
_CPD_ON_5H                        0000007F
_CPUDIV_OSC1_PLL2_1L              000000E7
_CPUDIV_OSC2_PLL3_1L              000000EF
_CPUDIV_OSC3_PLL4_1L              000000F7
_CPUDIV_OSC4_PLL6_1L              000000FF
_DEBUG_OFF_4L                     000000FF
_DEBUG_ON_4L                      0000007F
_DEVID1                           003FFFFE
_DEVID2                           003FFFFF
_EBTR0_OFF_7L                     000000FF
_EBTR0_ON_7L                      000000FE
_EBTR1_OFF_7L                     000000FF
_EBTR1_ON_7L                      000000FD
_EBTR2_OFF_7L                     000000FF
_EBTR2_ON_7L                      000000FB
_EBTR3_OFF_7L                     000000FF
_EBTR3_ON_7L                      000000F7
_EBTRB_OFF_7H                     000000FF
MPASM 5.83                          MAIN.ASM   9-26-2025  0:35:37         PAGE 23


SYMBOL TABLE
  LABEL                             VALUE 

_EBTRB_ON_7H                      000000BF
_FCMEN_OFF_1H                     000000BF
_FCMEN_ON_1H                      000000FF
_FOSC_ECIO_EC_1H                  000000F4
_FOSC_ECPLLIO_EC_1H               000000F6
_FOSC_ECPLL_EC_1H                 000000F7
_FOSC_EC_EC_1H                    000000F5
_FOSC_HSPLL_HS_1H                 000000FE
_FOSC_HS_1H                       000000FC
_FOSC_INTOSCIO_EC_1H              000000F8
_FOSC_INTOSC_EC_1H                000000F9
_FOSC_INTOSC_HS_1H                000000FB
_FOSC_INTOSC_XT_1H                000000FA
_FOSC_XTPLL_XT_1H                 000000F2
_FOSC_XT_XT_1H                    000000F0
_HIGH_ISR_DONE                    00000014
_ICPRT_OFF_4L                     000000DF
_ICPRT_ON_4L                      000000FF
_IDLOC0                           00200000
_IDLOC1                           00200001
_IDLOC2                           00200002
_IDLOC3                           00200003
_IDLOC4                           00200004
_IDLOC5                           00200005
_IDLOC6                           00200006
_IDLOC7                           00200007
_IESO_OFF_1H                      0000007F
_IESO_ON_1H                       000000FF
_LPT1OSC_OFF_3H                   000000FB
_LPT1OSC_ON_3H                    000000FF
_LVP_OFF_4L                       000000FB
_LVP_ON_4L                        000000FF
_MCLRE_OFF_3H                     0000007F
_MCLRE_ON_3H                      000000FF
_PBADEN_OFF_3H                    000000FD
_PBADEN_ON_3H                     000000FF
_PLLDIV_10_1L                     000000FE
_PLLDIV_12_1L                     000000FF
_PLLDIV_1_1L                      000000F8
_PLLDIV_2_1L                      000000F9
_PLLDIV_3_1L                      000000FA
_PLLDIV_4_1L                      000000FB
_PLLDIV_5_1L                      000000FC
_PLLDIV_6_1L                      000000FD
_PWRT_OFF_2L                      000000FF
_PWRT_ON_2L                       000000FE
_STVREN_OFF_4L                    000000FE
_STVREN_ON_4L                     000000FF
_USBDIV_1_1L                      000000DF
_USBDIV_2_1L                      000000FF
_VREGEN_OFF_2L                    000000DF
_VREGEN_ON_2L                     000000FF
_WDTPS_1024_2H                    000000F5
MPASM 5.83                          MAIN.ASM   9-26-2025  0:35:37         PAGE 24


SYMBOL TABLE
  LABEL                             VALUE 

_WDTPS_128_2H                     000000EF
_WDTPS_16384_2H                   000000FD
_WDTPS_16_2H                      000000E9
_WDTPS_1_2H                       000000E1
_WDTPS_2048_2H                    000000F7
_WDTPS_256_2H                     000000F1
_WDTPS_2_2H                       000000E3
_WDTPS_32768_2H                   000000FF
_WDTPS_32_2H                      000000EB
_WDTPS_4096_2H                    000000F9
_WDTPS_4_2H                       000000E5
_WDTPS_512_2H                     000000F3
_WDTPS_64_2H                      000000ED
_WDTPS_8192_2H                    000000FB
_WDTPS_8_2H                       000000E7
_WDT_OFF_2H                       000000FE
_WDT_ON_2H                        000000FF
_WRT0_OFF_6L                      000000FF
_WRT0_ON_6L                       000000FE
_WRT1_OFF_6L                      000000FF
_WRT1_ON_6L                       000000FD
_WRT2_OFF_6L                      000000FF
_WRT2_ON_6L                       000000FB
_WRT3_OFF_6L                      000000FF
_WRT3_ON_6L                       000000F7
_WRTB_OFF_6H                      000000FF
_WRTB_ON_6H                       000000BF
_WRTC_OFF_6H                      000000FF
_WRTC_ON_6H                       000000DF
_WRTD_OFF_6H                      000000FF
_WRTD_ON_6H                       0000007F
_XINST_OFF_4L                     000000BF
_XINST_ON_4L                      000000FF
__18F4550                         00000001

Errors   :     0
Warnings :     4 reported,     0 suppressed
Messages :     0 reported,     0 suppressed

